This is pdfTeX, Version 3.14159265-2.6-1.40.19 (TeX Live 2018) (preloaded format=pdflatex 2018.9.18)  24 JUN 2019 15:13
entering extended mode
 restricted \write18 enabled.
 %&-line parsing enabled.
**sample63.tex
(./sample63.tex
LaTeX2e <2018-04-01> patch level 2
Babel <3.18> and hyphenation patterns for 84 language(s) loaded.
(./aastex63.cls
Document Class: aastex63 2019/06/03 Version 6.3/AAS markup document class
Class aastex Info: 
 
 Original \LaTeX2.09 style by Chris Biemesderfer (chris@seagoat.com). 
 Adapted to \LaTeXe by A. Ogawa (ogawa@teleport.com)
 emulateapj.cls included, Copyright 2000-2015 Alexey Vikhlinin 
 Rewrite and update of emulateapj.cls, revised and enhanced with table macros, 
gridlines, draft watermark,
 track changes, new `modern' style and much more, by Amy Hendrickson,
 (amyh@texnology.com, http://www.texnology.com) 
 
  on input line 104.
\bibbaselineskip=\skip41
(/usr/local/texlive/2018/texmf-dist/tex/latex/revtex/revtex4-1.cls
Document Class: revtex4-1 2010/07/25/20:33:00 4.1r (http://publish.aps.org/revt
ex4/ for documentation)
 Copyright (c) 2009 The American Physical Society.
 mailto:revtex@aps.org
 Licensed under the LPPL:
http://www.ctan.org/tex-archive/macros/latex/base/lppl.txt
 Arthur Ogawa <arthur_ogawa at sbcglobal dot net>
 Based on work by David Carlisle <david at dcarlisle.demon.co.uk>.
ltxutil[2010/07/25/20:33:00 4.1r utilities package (portions licensed from W. E
. Baxter web at superscript.com)]
LaTeX Info: Redefining \@centercr on input line 308.
Class revtex4-1 Info: Repairing broken LaTeX eqnarray on input line 358.
\eqncolsep=\skip42
Class revtex4-1 Info: Repairing hyperref-unfriendly LaTeX definition of \mpfoot
note on input line 433.
Class revtex4-1 Info: Repairing broken LateX \@sect on input line 755.
\intertabularlinepenalty=\count80
\@tbpen=\count81
\@arstrutbox@hline=\box26
Class revtex4-1 Info: Repairing broken LaTeX \@xbitor on input line 1786.
Class revtex4-1 Info: Making \typeout \long on input line 2046.
ltxfront[2010/07/25/20:33:00 4.1r frontmatter package (AO,DPC)]
\c@affil=\count82
\c@collab=\count83
\absbox=\box27
ltxgrid[2010/07/25/20:33:00 4.1r page grid package (portions licensed from W. E
. Baxter web at superscript.com)]
\c@linecount=\count84
\output@latex=\toks14
\box@size@1=\box28
\box@size@2=\box29
\@protection@box=\box30
\@topmark@saved=\toks15
\footins@saved=\box31
\footins@recovered=\box32
\column@recovered=\box33
\pagesofar=\box34
\footsofar=\box35
\pagegrid@col=\count85
Class revtex4-1 Info: Overriding \@vspace, \@vspacer, \@no@pgbk, \@newline, and
 \\  on input line 5578.
\c@part=\count86
\c@section=\count87
\c@subsection=\count88
\c@subsubsection=\count89
\c@paragraph=\count90
\c@subparagraph=\count91
\abovecaptionskip=\skip43
\belowcaptionskip=\skip44
\c@figure=\count92
\fbox@1=\box36
\c@table=\count93
\fbox@2=\box37
\c@video=\count94
\fbox@4=\box38
\@bibdataout=\write3
\widetext@top=\box39
\widetext@bot=\box40
Class revtex4-1 Info: Selecting society aps on input line 7542.
(/usr/local/texlive/2018/texmf-dist/tex/latex/revtex/aps4-1.rtx
File: aps4-1 2010/07/25/20:33:00 4.1r (http://publish.aps.org/revtex4/ for docu
mentation)
Class revtex4-1 Info: RevTeX society APS selected on input line 31.
)
Class revtex4-1 Info: Selecting journal pra on input line 7544.
Class revtex4-1 Info: APS journal PRA selected on input line 7545.

(/usr/local/texlive/2018/texmf-dist/tex/latex/revtex/aps10pt4-1.rtx
File: aps10pt4-1 2010/07/25/20:33:00 4.1r (http://publish.aps.org/revtex4/ for 
documentation)
Class revtex4-1 Info: RevTeX pointsize 10pt selected on input line 30.
)
(/usr/local/texlive/2018/texmf-dist/tex/latex/textcase/textcase.sty
Package: textcase 2004/10/07 v0.07 Text only upper/lower case changing (DPC)
)
(/usr/local/texlive/2018/texmf-dist/tex/latex/url/url.sty
\Urlmuskip=\muskip10
Package: url 2013/09/16  ver 3.4  Verb mode for urls, etc.
)
(/usr/local/texlive/2018/texmf-dist/tex/latex/natbib/natbib.sty
Package: natbib 2010/09/13 8.31b (PWD, AO)
\bibhang=\skip45
\bibsep=\skip46
LaTeX Info: Redefining \cite on input line 694.
\c@NAT@ctr=\count95
)
Class revtex4-1 Info: Repairing natbib's \BibitemShut on input line 7549.

(/usr/local/texlive/2018/texmf-dist/tex/latex/revtex/revsymb4-1.sty
Package: revsymb4-1 2010/07/25/20:33:00 4.1r (http://publish.aps.org/revtex4/ f
or documentation)
LaTeX Info: Redefining \REV@mathfrak on input line 119.
))
(/usr/local/texlive/2018/texmf-dist/tex/latex/base/latexsym.sty
Package: latexsym 1998/08/17 v2.2e Standard LaTeX package (lasy symbols)
\symlasy=\mathgroup4
LaTeX Font Info:    Overwriting symbol font `lasy' in version `bold'
(Font)                  U/lasy/m/n --> U/lasy/b/n on input line 52.
)
(/usr/local/texlive/2018/texmf-dist/tex/latex/graphics/graphicx.sty
Package: graphicx 2017/06/01 v1.1a Enhanced LaTeX Graphics (DPC,SPQR)

(/usr/local/texlive/2018/texmf-dist/tex/latex/graphics/keyval.sty
Package: keyval 2014/10/28 v1.15 key=value parser (DPC)
\KV@toks@=\toks16
)
(/usr/local/texlive/2018/texmf-dist/tex/latex/graphics/graphics.sty
Package: graphics 2017/06/25 v1.2c Standard LaTeX Graphics (DPC,SPQR)

(/usr/local/texlive/2018/texmf-dist/tex/latex/graphics/trig.sty
Package: trig 2016/01/03 v1.10 sin cos tan (DPC)
)
(/usr/local/texlive/2018/texmf-dist/tex/latex/graphics-cfg/graphics.cfg
File: graphics.cfg 2016/06/04 v1.11 sample graphics configuration
)
Package graphics Info: Driver file: pdftex.def on input line 99.

(/usr/local/texlive/2018/texmf-dist/tex/latex/graphics-def/pdftex.def
File: pdftex.def 2018/01/08 v1.0l Graphics/color driver for pdftex
))
\Gin@req@height=\dimen102
\Gin@req@width=\dimen103
)
(/usr/local/texlive/2018/texmf-dist/tex/latex/amsfonts/amssymb.sty
Package: amssymb 2013/01/14 v3.01 AMS font symbols

(/usr/local/texlive/2018/texmf-dist/tex/latex/amsfonts/amsfonts.sty
Package: amsfonts 2013/01/14 v3.01 Basic AMSFonts support
\@emptytoks=\toks17
\symAMSa=\mathgroup5
\symAMSb=\mathgroup6
LaTeX Font Info:    Overwriting math alphabet `\mathfrak' in version `bold'
(Font)                  U/euf/m/n --> U/euf/b/n on input line 106.
LaTeX Info: Redefining \frak on input line 111.
LaTeX Info: Redefining \Bbb on input line 113.
))
(/usr/local/texlive/2018/texmf-dist/tex/generic/epsf/epsf.sty
This is `epsf.tex' v2.7.4 <14 February 2011>
\epsffilein=\read1
\epsfframemargin=\dimen104
\epsfframethickness=\dimen105
\epsfrsize=\dimen106
\epsftmp=\dimen107
\epsftsize=\dimen108
\epsfxsize=\dimen109
\epsfysize=\dimen110
\pspoints=\dimen111
)
\rptnum=\count96
\rptloopnum=\count97
\fncount=\count98
\endfncount=\count99
\c@front@matter@foot@note=\count100
\keys@width=\skip47
\c@lastfootnote=\count101
\tempsectnum=\count102
\ackbox=\box41
\c@remember@figure@num=\count103
\c@remember@table@num=\count104
\bibskip=\skip48
\bibindent=\dimen112
\plot@width=\skip49
\c@table@save=\count105
\@abovenoteskip=\dimen113
\table@note@skip=\skip50
\deluxe@table@width=\skip51
\@d@t@a=\skip52
\c@deluxe@table@num=\count106
\LTcapwidth=\dimen114
\abovedeluxetableskip=\skip53
\belowdeluxetableskip=\skip54
\lastrowheight=\dimen115
\DT@p@ftn=\toks18
\pt@column=\count107
\pt@ncol=\count108
 (/usr/local/texlive/2018/texmf-dist/tex/latex/tools/longtable.sty
Package: longtable 2014/10/28 v4.11 Multi-page Table package (DPC)
\LTleft=\skip55
\LTright=\skip56
\LTpre=\skip57
\LTpost=\skip58
\LTchunksize=\count109
\LTcapwidth=\dimen116
\LT@head=\box42
\LT@firsthead=\box43
\LT@foot=\box44
\LT@lastfoot=\box45
\LT@cols=\count110
\LT@rows=\count111
\c@LT@tables=\count112
\c@LT@chunks=\count113
\LT@p@ftn=\toks19
)
(/usr/local/texlive/2018/texmf-dist/tex/latex/xcolor/xcolor.sty
Package: xcolor 2016/05/11 v2.12 LaTeX color extensions (UK)

(/usr/local/texlive/2018/texmf-dist/tex/latex/graphics-cfg/color.cfg
File: color.cfg 2016/01/02 v1.6 sample color configuration
)
Package xcolor Info: Driver file: pdftex.def on input line 225.
Package xcolor Info: Model `cmy' substituted by `cmy0' on input line 1348.
Package xcolor Info: Model `hsb' substituted by `rgb' on input line 1352.
Package xcolor Info: Model `RGB' extended on input line 1364.
Package xcolor Info: Model `HTML' substituted by `rgb' on input line 1366.
Package xcolor Info: Model `Hsb' substituted by `hsb' on input line 1367.
Package xcolor Info: Model `tHsb' substituted by `hsb' on input line 1368.
Package xcolor Info: Model `HSB' substituted by `hsb' on input line 1369.
Package xcolor Info: Model `Gray' substituted by `gray' on input line 1370.
Package xcolor Info: Model `wave' substituted by `hsb' on input line 1371.
)
(/usr/local/texlive/2018/texmf-dist/tex/latex/hyperref/hyperref.sty
Package: hyperref 2018/02/06 v6.86b Hypertext links for LaTeX

(/usr/local/texlive/2018/texmf-dist/tex/generic/oberdiek/hobsub-hyperref.sty
Package: hobsub-hyperref 2016/05/16 v1.14 Bundle oberdiek, subset hyperref (HO)


(/usr/local/texlive/2018/texmf-dist/tex/generic/oberdiek/hobsub-generic.sty
Package: hobsub-generic 2016/05/16 v1.14 Bundle oberdiek, subset generic (HO)
Package: hobsub 2016/05/16 v1.14 Construct package bundles (HO)
Package: infwarerr 2016/05/16 v1.4 Providing info/warning/error messages (HO)
Package: ltxcmds 2016/05/16 v1.23 LaTeX kernel commands for general use (HO)
Package: ifluatex 2016/05/16 v1.4 Provides the ifluatex switch (HO)
Package ifluatex Info: LuaTeX not detected.
Package: ifvtex 2016/05/16 v1.6 Detect VTeX and its facilities (HO)
Package ifvtex Info: VTeX not detected.
Package: intcalc 2016/05/16 v1.2 Expandable calculations with integers (HO)
Package: ifpdf 2017/03/15 v3.2 Provides the ifpdf switch
Package: etexcmds 2016/05/16 v1.6 Avoid name clashes with e-TeX commands (HO)
Package etexcmds Info: Could not find \expanded.
(etexcmds)             That can mean that you are not using pdfTeX 1.50 or
(etexcmds)             that some package has redefined \expanded.
(etexcmds)             In the latter case, load this package earlier.
Package: kvsetkeys 2016/05/16 v1.17 Key value parser (HO)
Package: kvdefinekeys 2016/05/16 v1.4 Define keys (HO)
Package: pdftexcmds 2018/01/30 v0.27 Utility functions of pdfTeX for LuaTeX (HO
)
Package pdftexcmds Info: LuaTeX not detected.
Package pdftexcmds Info: \pdf@primitive is available.
Package pdftexcmds Info: \pdf@ifprimitive is available.
Package pdftexcmds Info: \pdfdraftmode found.
Package: pdfescape 2016/05/16 v1.14 Implements pdfTeX's escape features (HO)
Package: bigintcalc 2016/05/16 v1.4 Expandable calculations on big integers (HO
)
Package: bitset 2016/05/16 v1.2 Handle bit-vector datatype (HO)
Package: uniquecounter 2016/05/16 v1.3 Provide unlimited unique counter (HO)
)
Package hobsub Info: Skipping package `hobsub' (already loaded).
Package: letltxmacro 2016/05/16 v1.5 Let assignment for LaTeX macros (HO)
Package: hopatch 2016/05/16 v1.3 Wrapper for package hooks (HO)
Package: xcolor-patch 2016/05/16 xcolor patch
Package: atveryend 2016/05/16 v1.9 Hooks at the very end of document (HO)
Package: atbegshi 2016/06/09 v1.18 At begin shipout hook (HO)
Package: refcount 2016/05/16 v3.5 Data extraction from label references (HO)
Package: hycolor 2016/05/16 v1.8 Color options for hyperref/bookmark (HO)
)
(/usr/local/texlive/2018/texmf-dist/tex/generic/ifxetex/ifxetex.sty
Package: ifxetex 2010/09/12 v0.6 Provides ifxetex conditional
)
(/usr/local/texlive/2018/texmf-dist/tex/latex/oberdiek/auxhook.sty
Package: auxhook 2016/05/16 v1.4 Hooks for auxiliary files (HO)
)
(/usr/local/texlive/2018/texmf-dist/tex/latex/oberdiek/kvoptions.sty
Package: kvoptions 2016/05/16 v3.12 Key value format for package options (HO)
)
\@linkdim=\dimen117
\Hy@linkcounter=\count114
\Hy@pagecounter=\count115

(/usr/local/texlive/2018/texmf-dist/tex/latex/hyperref/pd1enc.def
File: pd1enc.def 2018/02/06 v6.86b Hyperref: PDFDocEncoding definition (HO)
Now handling font encoding PD1 ...
... no UTF-8 mapping file for font encoding PD1
)
\Hy@SavedSpaceFactor=\count116

(/usr/local/texlive/2018/texmf-dist/tex/latex/latexconfig/hyperref.cfg
File: hyperref.cfg 2002/06/06 v1.2 hyperref configuration of TeXLive
)
Package hyperref Info: Option `bookmarks' set `true' on input line 4383.
Package hyperref Info: Option `pdfnewwindow' set `true' on input line 4383.
Package hyperref Info: Option `colorlinks' set `true' on input line 4383.
Package hyperref Info: Option `final' set `true' on input line 4383.
Package hyperref Info: Hyper figures OFF on input line 4509.
Package hyperref Info: Link nesting OFF on input line 4514.
Package hyperref Info: Hyper index ON on input line 4517.
Package hyperref Info: Plain pages OFF on input line 4524.
Package hyperref Info: Backreferencing OFF on input line 4529.
Package hyperref Info: Implicit mode ON; LaTeX internals redefined.
Package hyperref Info: Bookmarks ON on input line 4762.
LaTeX Info: Redefining \href on input line 5026.
\c@Hy@tempcnt=\count117
LaTeX Info: Redefining \url on input line 5115.
\XeTeXLinkMargin=\dimen118
\Fld@menulength=\count118
\Field@Width=\dimen119
\Fld@charsize=\dimen120
Package hyperref Info: Hyper figures OFF on input line 6369.
Package hyperref Info: Link nesting OFF on input line 6374.
Package hyperref Info: Hyper index ON on input line 6377.
Package hyperref Info: backreferencing OFF on input line 6384.
Package hyperref Info: Link coloring ON on input line 6387.
Package hyperref Info: Link coloring with OCG OFF on input line 6394.
Package hyperref Info: PDF/A mode OFF on input line 6399.
LaTeX Info: Redefining \ref on input line 6439.
LaTeX Info: Redefining \pageref on input line 6443.
\Hy@abspage=\count119
\c@Item=\count120
\c@Hfootnote=\count121
)
Package hyperref Info: Driver (autodetected): hpdftex.

(/usr/local/texlive/2018/texmf-dist/tex/latex/hyperref/hpdftex.def
File: hpdftex.def 2018/02/06 v6.86b Hyperref driver for pdfTeX
\Fld@listcount=\count122
\c@bookmark@seq@number=\count123

(/usr/local/texlive/2018/texmf-dist/tex/latex/oberdiek/rerunfilecheck.sty
Package: rerunfilecheck 2016/05/16 v1.8 Rerun checks for auxiliary files (HO)
Package uniquecounter Info: New unique counter `rerunfilecheck' on input line 2
82.
)
\Hy@SectionHShift=\skip59
)
(/usr/local/texlive/2018/texmf-dist/tex/latex/tools/array.sty
Package: array 2018/04/07 v2.4g Tabular extension package (FMi)
\col@sep=\dimen121
\ar@mcellbox=\box46
\extrarowheight=\dimen122
\NC@list=\toks20
\extratabsurround=\skip60
\backup@length=\skip61
\ar@cellbox=\box47
)
\colcount=\count124
\firstcolcount=\count125
\secondcolcount=\count126
\thirdcolcount=\count127
\columncount=\count128
\howmanyDs=\count129
\firsthowmanyDs=\count130
\secondhowmanyDs=\count131
\PartsOfTable=\count132
\columnoneandtwo=\count133
\colnumsused=\count134
\loopnum=\count135
\totalcolumncount=\count136
\totalcolumns=\count137
\firsttablebox=\box48
\secondtablebox=\box49
\thirdtablebox=\box50
\longtablebox=\box51
\splitbox=\box52
\movetabledown=\dimen123
\maxtablewidth=\dimen124
\savetabskip=\dimen125
\tempcounter=\count138
\colheadcount=\count139
\rotatetablebox=\box53
\colorcount=\count140
\refchangenumber=\count141
\listchangenum=\count142

(/usr/local/texlive/2018/texmf-dist/tex/generic/ulem/ulem.sty
\UL@box=\box54
\UL@hyphenbox=\box55
\UL@skip=\skip62
\UL@hook=\toks21
\UL@height=\dimen126
\UL@pe=\count143
\UL@pixel=\dimen127
\ULC@box=\box56
Package: ulem 2012/05/18
\ULdepth=\dimen128
)
\entriesinthiscollab=\count144
\allentries=\count145
\AuthorCollaborationLimit=\count146
\largestAffilNum=\count147
\totalentries=\count148
\docollabnum=\count149
\tempauthornumber=\count150
\countauthors=\count151
\testnum=\count152
\tempauthorminusone=\count153
\affilnum=\count154
\c@affilcount=\count155
\numauthors=\count156
\collabnum=\count157
\collabnamebox=\box57
\widetext@top=\box58
\widetext@bot=\box59
\movetableright=\dimen129
)
Class revtex4-1 Info: Unrecognized array package. Please update this document c
lass! (Proceeding with fingers crossed.) on input line 165.
Class revtex4-1 Info: Patching unrecognized longtable package. (Proceeding with
 fingers crossed) on input line 165.
Class revtex4-1 Info: Robustifying \LaTeX's \boldmath command on input line 165
.
Class revtex4-1 Info: cite was not loaded (OK!) on input line 165.
Class revtex4-1 Info: mcite was not loaded (OK!) on input line 165.
Class revtex4-1 Info: multicol was not loaded (OK!) on input line 165.
 (./sample63.aux)
\openout1 = `sample63.aux'.

LaTeX Font Info:    Checking defaults for OML/cmm/m/it on input line 165.
LaTeX Font Info:    ... okay on input line 165.
LaTeX Font Info:    Checking defaults for T1/cmr/m/n on input line 165.
LaTeX Font Info:    ... okay on input line 165.
LaTeX Font Info:    Checking defaults for OT1/cmr/m/n on input line 165.
LaTeX Font Info:    ... okay on input line 165.
LaTeX Font Info:    Checking defaults for OMS/cmsy/m/n on input line 165.
LaTeX Font Info:    ... okay on input line 165.
LaTeX Font Info:    Checking defaults for OMX/cmex/m/n on input line 165.
LaTeX Font Info:    ... okay on input line 165.
LaTeX Font Info:    Checking defaults for U/cmr/m/n on input line 165.
LaTeX Font Info:    ... okay on input line 165.
LaTeX Font Info:    Checking defaults for PD1/pdf/m/n on input line 165.
LaTeX Font Info:    ... okay on input line 165.
 (/usr/local/texlive/2018/texmf-dist/tex/context/base/mkii/supp-pdf.mkii
[Loading MPS to PDF converter (version 2006.09.02).]
\scratchcounter=\count158
\scratchdimen=\dimen130
\scratchbox=\box60
\nofMPsegments=\count159
\nofMParguments=\count160
\everyMPshowfont=\toks22
\MPscratchCnt=\count161
\MPscratchDim=\dimen131
\MPnumerator=\count162
\makeMPintoPDFobject=\count163
\everyMPtoPDFconversion=\toks23
) (/usr/local/texlive/2018/texmf-dist/tex/latex/oberdiek/epstopdf-base.sty
Package: epstopdf-base 2016/05/15 v2.6 Base part for package epstopdf

(/usr/local/texlive/2018/texmf-dist/tex/latex/oberdiek/grfext.sty
Package: grfext 2016/05/16 v1.2 Manage graphics extensions (HO)
)
Package epstopdf-base Info: Redefining graphics rule for `.eps' on input line 4
38.
Package grfext Info: Graphics extension search list:
(grfext)             [.pdf,.png,.jpg,.mps,.jpeg,.jbig2,.jb2,.PDF,.PNG,.JPG,.JPE
G,.JBIG2,.JB2,.eps]
(grfext)             \AppendGraphicsExtensions on input line 456.

(/usr/local/texlive/2018/texmf-dist/tex/latex/latexconfig/epstopdf-sys.cfg
File: epstopdf-sys.cfg 2010/07/13 v1.3 Configuration of (r)epstopdf for TeX Liv
e
))
\AtBeginShipoutBox=\box61
Package hyperref Info: Link coloring ON on input line 165.

(/usr/local/texlive/2018/texmf-dist/tex/latex/hyperref/nameref.sty
Package: nameref 2016/05/21 v2.44 Cross-referencing by name of section

(/usr/local/texlive/2018/texmf-dist/tex/generic/oberdiek/gettitlestring.sty
Package: gettitlestring 2016/05/16 v1.5 Cleanup title references (HO)
)
\c@section@level=\count164
)
LaTeX Info: Redefining \ref on input line 165.
LaTeX Info: Redefining \pageref on input line 165.
LaTeX Info: Redefining \nameref on input line 165.

(./sample63.out) (./sample63.out)
\@outlinefile=\write4
\openout4 = `sample63.out'.

LaTeX Font Info:    Try loading font information for U+lasy on input line 219.

(/usr/local/texlive/2018/texmf-dist/tex/latex/base/ulasy.fd
File: ulasy.fd 1998/08/17 v2.2e LaTeX symbol font definitions
)
LaTeX Font Info:    Try loading font information for U+msa on input line 219.

(/usr/local/texlive/2018/texmf-dist/tex/latex/amsfonts/umsa.fd
File: umsa.fd 2013/01/14 v3.01 AMS symbols A
)
LaTeX Font Info:    Try loading font information for U+msb on input line 219.

(/usr/local/texlive/2018/texmf-dist/tex/latex/amsfonts/umsb.fd
File: umsb.fd 2013/01/14 v3.01 AMS symbols B
)

Class revtex4-1 Warning: Assuming \noaffiliation for authors.

<Orcid-ID.png, id=102, 220.825pt x 220.825pt>
File: Orcid-ID.png Graphic file (type png)
<use Orcid-ID.png>
Package pdftex.def Info: Orcid-ID.png  used on input line 311.
(pdftex.def)             Requested size: 9.0pt x 8.99997pt.

Overfull \hbox (9.03374pt too wide) in paragraph at lines 311--311
[][] 
 []


Overfull \hbox (10.88353pt too wide) in paragraph at lines 313--313
[][]| [] [][][]| 
 []

[1{/usr/local/texlive/2018/texmf-var/fonts/map/pdftex/updmap/pdftex.map}pdfTeX 
warning (ext4): destination with the same identifier (name{Doc-Start-mpfootnote
.a}) has been already used, duplicate ignored

\AtBegShi@Output ...ipout \box \AtBeginShipoutBox 
                                                  \fi \fi 
l.332 
       <./Orcid-ID.png>]
Underfull \hbox (badness 1259) in paragraph at lines 340--345
\OT1/cmr/m/n/10 au-thor need to ob-tain an ap-prox-i-mate num-ber of
 []


Overfull \hbox (10.88353pt too wide) in paragraph at lines 348--348
[][]| [] [][][]| 
 []

LaTeX Font Info:    Try loading font information for OMS+cmr on input line 368.

(/usr/local/texlive/2018/texmf-dist/tex/latex/base/omscmr.fd
File: omscmr.fd 2014/09/29 v2.5h Standard LaTeX font definitions
)
LaTeX Font Info:    Font shape `OMS/cmr/m/n' in size <10> not available
(Font)              Font shape `OMS/cmsy/m/n' tried instead on input line 368.

Underfull \hbox (badness 10000) in paragraph at lines 383--384
[]\OT1/cmr/m/n/10 reintroduced the old AAS-TeX v5.2
 []


Underfull \hbox (badness 5878) in paragraph at lines 383--384
\OT1/cmtt/m/n/10 \received\OT1/cmr/m/n/10 , \OT1/cmtt/m/n/10 \revised\OT1/cmr/m
/n/10 , \OT1/cmtt/m/n/10 \accepted\OT1/cmr/m/n/10 , and
 []


Underfull \hbox (badness 4556) in paragraph at lines 383--384
\OT1/cmtt/m/n/10 \submitjournal \OT1/cmr/m/n/10 com-mand to doc-u-ment
 []

[2]
Underfull \hbox (badness 10000) in paragraph at lines 429--431

 []

LaTeX Font Info:    Try loading font information for OMS+cmtt on input line 432
.
LaTeX Font Info:    No file OMScmtt.fd. on input line 432.

LaTeX Font Warning: Font shape `OMS/cmtt/m/n' undefined
(Font)              using `OMS/cmsy/m/n' instead
(Font)              for symbol `textbraceleft' on input line 432.


Underfull \hbox (badness 10000) in paragraph at lines 432--433

 []


Underfull \hbox (badness 10000) in paragraph at lines 434--437

 []


Underfull \hbox (badness 10000) in paragraph at lines 438--441

 []

[3] [4]
<cost.pdf, id=200, 505.89pt x 361.35pt>
File: cost.pdf Graphic file (type pdf)
<use cost.pdf>
Package pdftex.def Info: cost.pdf  used on input line 740.
(pdftex.def)             Requested size: 205.92802pt x 147.0903pt.
 [5 <./cost.pdf>]
Overfull \hbox (10.88353pt too wide) in paragraph at lines 774--774
[][]| [] [][][]| 
 []


Underfull \hbox (badness 10000) in paragraph at lines 770--782
[][]$\OT1/cmr/m/n/10 https : / / en . wikibooks . org / wiki / LaTeX / Importin
g[]
 []

<V2491_Cyg.pdf, id=214, 505.89pt x 361.35pt>
File: V2491_Cyg.pdf Graphic file (type pdf)
<use V2491_Cyg.pdf>
Package pdftex.def Info: V2491_Cyg.pdf  used on input line 813.
(pdftex.def)             Requested size: 153.93678pt x 109.9552pt.
<HV_Cet.pdf, id=215, 505.89pt x 361.35pt>
File: HV_Cet.pdf Graphic file (type pdf)
<use HV_Cet.pdf>
Package pdftex.def Info: HV_Cet.pdf  used on input line 813.
(pdftex.def)             Requested size: 153.93678pt x 109.9552pt.
<LMC_2009.pdf, id=216, 505.89pt x 361.35pt>
File: LMC_2009.pdf Graphic file (type pdf)
<use LMC_2009.pdf>
Package pdftex.def Info: LMC_2009.pdf  used on input line 813.
(pdftex.def)             Requested size: 153.93678pt x 109.9552pt.
<RS_Oph.pdf, id=217, 505.89pt x 361.35pt>
File: RS_Oph.pdf Graphic file (type pdf)
<use RS_Oph.pdf>
Package pdftex.def Info: RS_Oph.pdf  used on input line 816.
(pdftex.def)             Requested size: 153.93678pt x 109.9552pt.
<U_Sco.pdf, id=218, 505.89pt x 361.35pt>
File: U_Sco.pdf Graphic file (type pdf)
<use U_Sco.pdf>
Package pdftex.def Info: U_Sco.pdf  used on input line 816.
(pdftex.def)             Requested size: 153.93678pt x 109.9552pt.
<KT_Eri.pdf, id=219, 505.89pt x 361.35pt>
File: KT_Eri.pdf Graphic file (type pdf)
<use KT_Eri.pdf>
Package pdftex.def Info: KT_Eri.pdf  used on input line 817.
(pdftex.def)             Requested size: 153.93678pt x 109.9552pt.
[6] [7pdfTeX warning (ext4): destination with the same identifier (name{table.0
}) has been already used, duplicate ignored

\AtBegShi@Output ...ipout \box \AtBeginShipoutBox 
                                                  \fi \fi 
l.852 
      ]
File: KT_Eri.pdf Graphic file (type pdf)
<use KT_Eri.pdf>
Package pdftex.def Info: KT_Eri.pdf  used on input line 914.
(pdftex.def)             Requested size: 205.92802pt x 147.0903pt.

Underfull \hbox (badness 10000) in paragraph at lines 925--928
[][]$\OT1/cmr/m/n/10 http : / / authortools . aas . org / FIGSETS / make-[]^^Lg
set . html$[][]
 []

<f4.pdf, id=248, 511.9125pt x 529.98pt>
File: f4.pdf Graphic file (type pdf)
<use f4.pdf>
Package pdftex.def Info: f4.pdf  used on input line 945.
(pdftex.def)             Requested size: 205.92802pt x 213.19318pt.
[8 <./V2491_Cyg.pdf> <./HV_Cet.pdf> <./LMC_2009.pdf> <./RS_Oph.pdf> <./U_Sco.pd
f> <./KT_Eri.pdf>]

LaTeX Warning: A float is stuck (cannot be placed) on input line 954.


LaTeX Warning: A float is stuck (cannot be placed) on input line 954.


Class revtex4-1 Warning: Deferred float stuck during \clearpage processing.


Overfull \hbox (10.88353pt too wide) in paragraph at lines 967--967
[][]| [] [][][]| 
 []

<f5.pdf, id=278, 614.295pt x 794.97pt>
File: f5.pdf Graphic file (type pdf)
<use f5.pdf>
Package pdftex.def Info: f5.pdf  used on input line 998.
(pdftex.def)             Requested size: 205.92802pt x 266.48946pt.
[9 <./f4.pdf>]

LaTeX Warning: A float is stuck (cannot be placed) on input line 1030.


LaTeX Warning: A float is stuck (cannot be placed) on input line 1030.


Class revtex4-1 Warning: Deferred float stuck during \clearpage processing.


Underfull \hbox (badness 7308) in paragraph at lines 1091--1107
\OT1/cmr/m/n/10 ing mark up com-mands that specif-i-cally iden-
 []


Underfull \hbox (badness 2671) in paragraph at lines 1091--1107
\OT1/cmr/m/n/10 tify what has been changed. These com-mands
 []


Underfull \hbox (badness 10000) in paragraph at lines 1091--1107
\OT1/cmr/m/n/10 are \OT1/cmtt/m/n/10 \added\OMS/cmtt/m/n/10 f\OT1/cmtt/m/n/10 <
text>\OMS/cmtt/m/n/10 g\OT1/cmr/m/n/10 , \OT1/cmtt/m/n/10 \deleted\OMS/cmtt/m/n
/10 f\OT1/cmtt/m/n/10 <text>\OMS/cmtt/m/n/10 g\OT1/cmr/m/n/10 , and
 []


Underfull \hbox (badness 10000) in paragraph at lines 1091--1107
\OT1/cmtt/m/n/10 \replaced\OMS/cmtt/m/n/10 f\OT1/cmtt/m/n/10 <old text>\OMS/cmt
t/m/n/10 gf\OT1/cmtt/m/n/10 <replaced text>\OMS/cmtt/m/n/10 g\OT1/cmr/m/n/10 . 
To
 []


Underfull \hbox (badness 5771) in paragraph at lines 1091--1107
\OT1/cmr/m/n/10 ac-ti-vate these com-mands the \OT1/cmtt/m/n/10 trackchanges \O
T1/cmr/m/n/10 op-
 []


Underfull \hbox (badness 3179) in paragraph at lines 1091--1107
\OT1/cmr/m/n/10 tion must be used in the \OT1/cmtt/m/n/10 \documentclass \OT1/c
mr/m/n/10 call.
 []


Underfull \hbox (badness 1675) in paragraph at lines 1091--1107
\OT1/cmr/m/n/10 in red. The \OT1/cmtt/m/n/10 \explain\OMS/cmtt/m/n/10 f\OT1/cmt
t/m/n/10 <text>\OMS/cmtt/m/n/10 g \OT1/cmr/m/n/10 can be used to
 []


Underfull \hbox (badness 1946) in paragraph at lines 1091--1107
\OT1/cmr/m/n/10 scrib-ing the change. Its out-put is pur-ple italic
 []


Underfull \hbox (badness 10000) in paragraph at lines 1091--1107
\OT1/cmr/m/n/10 font. To see how \OT1/cmtt/m/n/10 \added\OMS/cmtt/m/n/10 f\OT1/
cmtt/m/n/10 <important added
 []


Underfull \hbox (badness 10000) in paragraph at lines 1091--1107
\OT1/cmtt/m/n/10 info>\OMS/cmtt/m/n/10 g\OT1/cmr/m/n/10 , \OT1/cmtt/m/n/10 \del
eted\OMS/cmtt/m/n/10 f\OT1/cmtt/m/n/10 <this can be deleted text>\OMS/cmtt/m/n/
10 g\OT1/cmr/m/n/10 ,
 []


Underfull \hbox (badness 10000) in paragraph at lines 1091--1107
\OT1/cmtt/m/n/10 \replaced\OMS/cmtt/m/n/10 f\OT1/cmtt/m/n/10 <old data>\OMS/cmt
t/m/n/10 gf\OT1/cmtt/m/n/10 <replaced data>\OMS/cmtt/m/n/10 g\OT1/cmr/m/n/10 , 
and 
 []


Underfull \hbox (badness 10000) in paragraph at lines 1091--1107
\OT1/cmtt/m/n/10 \explain\OMS/cmtt/m/n/10 f\OT1/cmtt/m/n/10 <text explaining th
e change>\OMS/cmtt/m/n/10 g \OT1/cmr/m/n/10 com-
 []


Underfull \hbox (badness 10000) in paragraph at lines 1116--1134
\OT1/cmtt/m/n/10 \turnoffedittwo\OT1/cmr/m/n/10 , and \OT1/cmtt/m/n/10 \turnoff
editthree \OT1/cmr/m/n/10 can
 []


Underfull \hbox (badness 4739) in paragraph at lines 1116--1134
\OT1/cmr/m/n/10 be used to only turn off the \OT1/cmtt/m/n/10 \edit1\OMS/cmtt/m
/n/10 f\OT1/cmtt/m/n/10 <text>\OMS/cmtt/m/n/10 g\OT1/cmr/m/n/10 ,
 []

[10 <./f5.pdf>]
Overfull \hbox (29.28711pt too wide) in paragraph at lines 1135--1145
\OT1/cmtt/m/n/10 \authorcomments2\OMS/cmtt/m/n/10 f\OT1/cmtt/m/n/10 <text>\OMS/
cmtt/m/n/10 g \OT1/cmr/m/n/10 and \OT1/cmtt/m/n/10 \authorcomments3\OMS/cmtt/m/
n/10 f\OT1/cmtt/m/n/10 <text>\OMS/cmtt/m/n/10 g
 []


Underfull \hbox (badness 2772) in paragraph at lines 1135--1145
\OT1/cmr/m/n/10 com-mands. These pro-duce the same bold red,
 []


Underfull \hbox (badness 2941) in paragraph at lines 1154--1159
\OT1/cmr/m/n/10 the data or soft-ware in a long term repos-i-tory
 []


Underfull \hbox (badness 2781) in paragraph at lines 1154--1159
\OT1/cmr/m/n/10 that has made these items avail-able via a per-
 []


Underfull \hbox (badness 4819) in paragraph at lines 1154--1159
\OT1/cmr/m/n/10 sis-tent iden-ti-fier like a Dig-i-tal Ob-ject Iden-ti-fier
 []


Underfull \hbox (badness 1173) in paragraph at lines 1154--1159
\OT1/cmr/m/n/10 (DOI). A list of repos-i-to-ries that sat-isfy this cri-
 []


Underfull \hbox (badness 10000) in paragraph at lines 1154--1159
[][]$\OT1/cmr/m/n/10 https : / / github . com / AASJournals / Tutorials / tree 
/
 []


Underfull \hbox (badness 10000) in paragraph at lines 1160--1161

 []


Underfull \hbox (badness 10000) in paragraph at lines 1162--1163

 []

[11] [12]
Overfull \vbox (0.73433pt too high) has occurred while \output is active []


[13] [14]
Underfull \hbox (badness 1048) in paragraph at lines 1349--1351
[]\foo A handy "cheat sheet" that pro-vides the nec-es-
 []

LaTeX Font Info:    Font shape `U/lasy/b/n' in size <7> not available
(Font)              Font shape `U/lasy/m/n' tried instead on input line 1366.
LaTeX Font Info:    Font shape `U/lasy/b/n' in size <5> not available
(Font)              Font shape `U/lasy/m/n' tried instead on input line 1366.

Overfull \hbox (169.856pt too wide) in paragraph at lines 1379--1385
[]                 $[]$
 []


Underfull \hbox (badness 10000) in paragraph at lines 1379--1385

 []


Overfull \hbox (227.54715pt too wide) in paragraph at lines 1391--1408
[]                 $[]$
 []


Underfull \hbox (badness 10000) in paragraph at lines 1391--1408

 []

(./sample63.bbl) [15]
Package atveryend Info: Empty hook `AfterLastShipout' on input line 1433.
 (./sample63.aux)
Package atveryend Info: Executing hook `AtVeryEndDocument' on input line 1433.
Package atveryend Info: Executing hook `AtEndAfterFileList' on input line 1433.

Package rerunfilecheck Info: File `sample63.out' has not changed.
(rerunfilecheck)             Checksum: 026A2C7D1BB1D9F80A7C18EBC5A41E0D;1563.


LaTeX Font Warning: Some font shapes were not available, defaults substituted.


LaTeX Warning: Label(s) may have changed. Rerun to get cross-references right .


 ) 
Here is how much of TeX's memory you used:
 9129 strings out of 492649
 126280 string characters out of 6129622
 379344 words of memory out of 5000000
 12796 multiletter control sequences out of 15000+600000
 18710 words of font info for 73 fonts, out of 8000000 for 9000
 1141 hyphenation exceptions out of 8191
 35i,13n,37p,645b,542s stack positions out of 5000i,500n,10000p,200000b,80000s
</usr/local/texlive/2018/texmf-dist/fonts/type1/public/amsfonts/cm/cmbsy10.pf
b></usr/local/texlive/2018/texmf-dist/fonts/type1/public/amsfonts/cmextra/cmbsy
7.pfb></usr/local/texlive/2018/texmf-dist/fonts/type1/public/amsfonts/cm/cmbx10
.pfb></usr/local/texlive/2018/texmf-dist/fonts/type1/public/amsfonts/cm/cmbx7.p
fb></usr/local/texlive/2018/texmf-dist/fonts/type1/public/amsfonts/cm/cmbx8.pfb
></usr/local/texlive/2018/texmf-dist/fonts/type1/public/amsfonts/cm/cmbx9.pfb><
/usr/local/texlive/2018/texmf-dist/fonts/type1/public/amsfonts/cm/cmcsc10.pfb><
/usr/local/texlive/2018/texmf-dist/fonts/type1/public/amsfonts/cm/cmex10.pfb></
usr/local/texlive/2018/texmf-dist/fonts/type1/public/amsfonts/cm/cmmi10.pfb></u
sr/local/texlive/2018/texmf-dist/fonts/type1/public/amsfonts/cm/cmmi5.pfb></usr
/local/texlive/2018/texmf-dist/fonts/type1/public/amsfonts/cm/cmmi7.pfb></usr/l
ocal/texlive/2018/texmf-dist/fonts/type1/public/amsfonts/cm/cmmi9.pfb></usr/loc
al/texlive/2018/texmf-dist/fonts/type1/public/amsfonts/cmextra/cmmib7.pfb></usr
/local/texlive/2018/texmf-dist/fonts/type1/public/amsfonts/cm/cmr10.pfb></usr/l
ocal/texlive/2018/texmf-dist/fonts/type1/public/amsfonts/cm/cmr5.pfb></usr/loca
l/texlive/2018/texmf-dist/fonts/type1/public/amsfonts/cm/cmr6.pfb></usr/local/t
exlive/2018/texmf-dist/fonts/type1/public/amsfonts/cm/cmr7.pfb></usr/local/texl
ive/2018/texmf-dist/fonts/type1/public/amsfonts/cm/cmr8.pfb></usr/local/texlive
/2018/texmf-dist/fonts/type1/public/amsfonts/cm/cmr9.pfb></usr/local/texlive/20
18/texmf-dist/fonts/type1/public/amsfonts/cm/cmsy10.pfb></usr/local/texlive/201
8/texmf-dist/fonts/type1/public/amsfonts/cm/cmsy5.pfb></usr/local/texlive/2018/
texmf-dist/fonts/type1/public/amsfonts/cm/cmsy6.pfb></usr/local/texlive/2018/te
xmf-dist/fonts/type1/public/amsfonts/cm/cmsy7.pfb></usr/local/texlive/2018/texm
f-dist/fonts/type1/public/amsfonts/cm/cmti10.pfb></usr/local/texlive/2018/texmf
-dist/fonts/type1/public/amsfonts/cm/cmti12.pfb></usr/local/texlive/2018/texmf-
dist/fonts/type1/public/amsfonts/cm/cmti8.pfb></usr/local/texlive/2018/texmf-di
st/fonts/type1/public/amsfonts/cm/cmti9.pfb></usr/local/texlive/2018/texmf-dist
/fonts/type1/public/amsfonts/cm/cmtt10.pfb></usr/local/texlive/2018/texmf-dist/
fonts/type1/public/amsfonts/cm/cmtt8.pfb></usr/local/texlive/2018/texmf-dist/fo
nts/type1/public/amsfonts/cm/cmtt9.pfb>
Output written on sample63.pdf (15 pages, 1041198 bytes).
PDF statistics:
 509 PDF objects out of 1000 (max. 8388607)
 433 compressed objects within 5 object streams
 95 named destinations out of 1000 (max. 500000)
 235 words of extra memory for PDF output out of 10000 (max. 10000000)

